<?xml version="1.0" encoding="UTF-8"?>
<!-- Generated by org.testng.reporters.JUnitReportReporter -->
<testsuite hostname="Suraiya" failures="0" tests="3" name="com.TutorialsNinja.TestCases.RegisterTest" time="19.497" errors="0" timestamp="2024-12-05T13:16:31 EST" skipped="0">
  <testcase classname="com.TutorialsNinja.TestCases.RegisterTest" name="verifyRegisterWithAllDetails" time="6.299"/>
  <testcase classname="com.TutorialsNinja.TestCases.RegisterTest" name="verifyRegisterWithAllDetails" time="5.601"/>
  <testcase classname="com.TutorialsNinja.TestCases.RegisterTest" name="verifyRegisterWithAllDetails" time="7.597"/>
</testsuite> <!-- com.TutorialsNinja.TestCases.RegisterTest -->
