<?xml version="1.0" encoding="UTF-8"?>
<!-- Generated by org.testng.reporters.JUnitReportReporter -->
<testsuite hostname="Suraiya" failures="0" tests="1" name="com.TutorialsNinja.TestCases.ShoppingCartTest" time="5.113" errors="0" timestamp="2024-12-05T15:14:36 EST" skipped="0">
  <testcase classname="com.TutorialsNinja.TestCases.ShoppingCartTest" name="addToCartWithValidProduct" time="5.113"/>
</testsuite> <!-- com.TutorialsNinja.TestCases.ShoppingCartTest -->
