<?xml version="1.0" encoding="UTF-8"?>
<!-- Generated by org.testng.reporters.JUnitReportReporter -->
<testsuite hostname="Suraiya" failures="0" tests="1" name="com.TutorialsNinja.TestCases.LandingpageTest" time="5.397" errors="0" timestamp="2024-12-14T21:37:58 EST" skipped="0">
  <testcase classname="com.TutorialsNinja.TestCases.LandingpageTest" name="navigateToDifferentPage" time="5.397"/>
</testsuite> <!-- com.TutorialsNinja.TestCases.LandingpageTest -->
