<?xml version="1.0" encoding="UTF-8"?>
<!-- Generated by org.testng.reporters.JUnitReportReporter -->
<testsuite hostname="Suraiya" failures="0" tests="1" name="com.TutorialsNinja.TestCases.CheckOutTest" time="7.109" errors="0" timestamp="2024-12-14T21:02:46 EST" skipped="0">
  <testcase classname="com.TutorialsNinja.TestCases.CheckOutTest" name="validateCorrectProductPurchased" time="7.109"/>
</testsuite> <!-- com.TutorialsNinja.TestCases.CheckOutTest -->
