<?xml version="1.0" encoding="UTF-8"?>
<!-- Generated by org.testng.reporters.JUnitReportReporter -->
<testsuite hostname="Suraiya" failures="0" tests="1" name="com.TutorialsNinja.TestCases.RegistrationPageTest" time="5.662" errors="0" timestamp="2024-11-18T23:51:58 EST" skipped="0">
  <testcase classname="com.TutorialsNinja.TestCases.RegistrationPageTest" name="verifySuccessfulRegistrationWithValidCredentials" time="5.662"/>
</testsuite> <!-- com.TutorialsNinja.TestCases.RegistrationPageTest -->
