<?xml version="1.0" encoding="UTF-8"?>
<!-- Generated by org.testng.reporters.JUnitReportReporter -->
<testsuite hostname="Suraiya" failures="0" tests="1" name="com.TutorialsNinja.TestCases.HomepageTest" time="5.078" errors="0" timestamp="2024-12-05T15:00:52 EST" skipped="0">
  <testcase classname="com.TutorialsNinja.TestCases.HomepageTest" name="navigateToDifferentPage" time="5.078"/>
</testsuite> <!-- com.TutorialsNinja.TestCases.HomepageTest -->
