<?xml version="1.0" encoding="UTF-8"?>
<!-- Generated by org.testng.reporters.JUnitReportReporter -->
<testsuite hostname="Suraiya" failures="0" tests="1" name="com.TutorialsNinja.TestCases.SearchProductTest" time="4.262" errors="0" timestamp="2024-12-05T15:07:48 EST" skipped="0">
  <testcase classname="com.TutorialsNinja.TestCases.SearchProductTest" name="verifySearchProduct" time="4.262"/>
</testsuite> <!-- com.TutorialsNinja.TestCases.SearchProductTest -->
