<?xml version="1.0" encoding="UTF-8"?>
<!-- Generated by org.testng.reporters.JUnitReportReporter -->
<testsuite hostname="Suraiya" failures="0" tests="3" name="com.TutorialsNinja.TestCases.RegisterTest" time="16.747" errors="0" timestamp="2024-11-20T22:54:41 EST" skipped="0">
  <testcase classname="com.TutorialsNinja.TestCases.RegisterTest" name="verifyRegisterWithAllDetails" time="5.687"/>
  <testcase classname="com.TutorialsNinja.TestCases.RegisterTest" name="verifyRegisterWithAllDetails" time="5.503"/>
  <testcase classname="com.TutorialsNinja.TestCases.RegisterTest" name="verifyRegisterWithAllDetails" time="5.557"/>
</testsuite> <!-- com.TutorialsNinja.TestCases.RegisterTest -->
