<?xml version="1.0" encoding="UTF-8"?>
<!-- Generated by org.testng.reporters.JUnitReportReporter -->
<testsuite hostname="Suraiya" failures="0" tests="1" name="com.TutorialsNinja.TestCases.RegistrationTest" time="5.615" errors="0" timestamp="2024-11-19T21:05:17 EST" skipped="0">
  <testcase classname="com.TutorialsNinja.TestCases.RegistrationTest" name="verifySuccessfulRegistrationWithValidCredentials" time="5.615"/>
</testsuite> <!-- com.TutorialsNinja.TestCases.RegistrationTest -->
